<?xml version="1.0" encoding="UTF-8"?>
<testng-results skipped="0" failed="0" total="2" passed="2">
  <reporter-output>
  </reporter-output>
  <suite name="org.elasticsearch.thrift.test.SimpleThriftTests" duration-ms="10825" started-at="2013-04-10T15:46:23Z" finished-at="2013-04-10T15:46:33Z">
    <groups>
    </groups>
    <test name="Command line test" duration-ms="10825" started-at="2013-04-10T15:46:23Z" finished-at="2013-04-10T15:46:33Z">
      <class name="org.elasticsearch.thrift.test.SimpleThriftTests">
        <test-method status="PASS" signature="testNonblockingServer()[pri:0, instance:org.elasticsearch.thrift.test.SimpleThriftTests@2087c268]" name="testNonblockingServer" duration-ms="6861" started-at="2013-04-10T15:46:23Z" finished-at="2013-04-10T15:46:29Z">
        </test-method>
        <test-method status="PASS" signature="testThreadPoolServer()[pri:0, instance:org.elasticsearch.thrift.test.SimpleThriftTests@2087c268]" name="testThreadPoolServer" duration-ms="3951" started-at="2013-04-10T15:46:29Z" finished-at="2013-04-10T15:46:33Z">
        </test-method>
      </class>
    </test>
  </suite>
</testng-results>
